<?xml version="1.0" encoding="UTF-8"?>
<testng-results skipped="0" failed="0" total="1" passed="1">
  <reporter-output>
  </reporter-output>
  <suite name="Default suite" duration-ms="14093" started-at="2015-10-07T14:15:20Z" finished-at="2015-10-07T14:15:34Z">
    <groups>
    </groups>
    <test name="Default test" duration-ms="14093" started-at="2015-10-07T14:15:20Z" finished-at="2015-10-07T14:15:34Z">
      <class name="samplePackage.AccessMyWishList">
        <test-method status="PASS" signature="test()[pri:0, instance:samplePackage.AccessMyWishList@8462f31]" name="test" duration-ms="14062" started-at="2015-10-07T15:15:20Z" finished-at="2015-10-07T15:15:34Z">
          <reporter-output>
          </reporter-output>
        </test-method> <!-- test -->
      </class> <!-- samplePackage.AccessMyWishList -->
    </test> <!-- Default test -->
  </suite> <!-- Default suite -->
</testng-results>
